# JRE version: OpenJDK Runtime Environment (21.0.5) (build 21.0.5+-12932927-b750.29)
# Java VM: OpenJDK 64-Bit Server VM (21.0.5+-12932927-b750.29, mixed mode, tiered, compressed oops, compressed class ptrs, g1 gc, windows-amd64)
GC Precious Log:
 CardTable entry size: 512
 Card Set container configuration: InlinePtr #cards 5 size 8 Array Of Cards #cards 12 size 40 Howl #buckets 4 coarsen threshold 1843 Howl Bitmap #cards 512 size 80 coarsen threshold 460 Card regions per heap region 1 cards per card region 2048
 CPUs: 4 total, 4 available
 Memory: 6078M
 Large Page Support: Disabled
 NUMA Support: Disabled
 Compressed Oops: Enabled (32-bit)
 Heap Region Size: 1M
 Heap Min Capacity: 8M
 Heap Initial Capacity: 96M
 Heap Max Capacity: 2G
 Pre-touch: Disabled
 Parallel Workers: 4
 Concurrent Workers: 1
 Concurrent Refinement Workers: 4
 Periodic GC: Disabled
Heap:
 garbage-first heap   total 250880K, used 165291K [0x0000000080000000, 0x0000000100000000)
  region size 1024K, 12 young (12288K), 7 survivors (7168K)
 Metaspace       used 126460K, committed 128768K, reserved 1179648K
  class space    used 16713K, committed 17856K, reserved 1048576K
GC Heap History (20 events):
Event: 66.049 GC heap before
{Heap before GC invocations=43 (full 0):
 garbage-first heap   total 181248K, used 145020K [0x0000000080000000, 0x0000000100000000)
  region size 1024K, 35 young (35840K), 5 survivors (5120K)
 Metaspace       used 98386K, committed 100480K, reserved 1179648K
  class space    used 13064K, committed 14144K, reserved 1048576K
}
Event: 66.059 GC heap after
{Heap after GC invocations=44 (full 0):
 garbage-first heap   total 181248K, used 117266K [0x0000000080000000, 0x0000000100000000)
  region size 1024K, 2 young (2048K), 2 survivors (2048K)
 Metaspace       used 98386K, committed 100480K, reserved 1179648K
  class space    used 13064K, committed 14144K, reserved 1048576K
}
Event: 68.069 GC heap before
{Heap before GC invocations=45 (full 0):
 garbage-first heap   total 198656K, used 168466K [0x0000000080000000, 0x0000000100000000)
  region size 1024K, 51 young (52224K), 2 survivors (2048K)
 Metaspace       used 102264K, committed 104320K, reserved 1179648K
  class space    used 13752K, committed 14784K, reserved 1048576K
}
Event: 68.076 GC heap after
{Heap after GC invocations=46 (full 0):
 garbage-first heap   total 198656K, used 118228K [0x0000000080000000, 0x0000000100000000)
  region size 1024K, 3 young (3072K), 3 survivors (3072K)
 Metaspace       used 102264K, committed 104320K, reserved 1179648K
  class space    used 13752K, committed 14784K, reserved 1048576K
}
Event: 70.697 GC heap before
{Heap before GC invocations=46 (full 0):
 garbage-first heap   total 201728K, used 200148K [0x0000000080000000, 0x0000000100000000)
  region size 1024K, 64 young (65536K), 3 survivors (3072K)
 Metaspace       used 107908K, committed 110016K, reserved 1179648K
  class space    used 14329K, committed 15360K, reserved 1048576K
}
Event: 70.719 GC heap after
{Heap after GC invocations=47 (full 0):
 garbage-first heap   total 215040K, used 139658K [0x0000000080000000, 0x0000000100000000)
  region size 1024K, 8 young (8192K), 8 survivors (8192K)
 Metaspace       used 107908K, committed 110016K, reserved 1179648K
  class space    used 14329K, committed 15360K, reserved 1048576K
}
Event: 72.810 GC heap before
{Heap before GC invocations=47 (full 0):
 garbage-first heap   total 215040K, used 193930K [0x0000000080000000, 0x0000000100000000)
  region size 1024K, 62 young (63488K), 8 survivors (8192K)
 Metaspace       used 112123K, committed 114304K, reserved 1179648K
  class space    used 14956K, committed 16064K, reserved 1048576K
}
Event: 72.829 GC heap after
{Heap after GC invocations=48 (full 0):
 garbage-first heap   total 215040K, used 145408K [0x0000000080000000, 0x0000000100000000)
  region size 1024K, 5 young (5120K), 5 survivors (5120K)
 Metaspace       used 112123K, committed 114304K, reserved 1179648K
  class space    used 14956K, committed 16064K, reserved 1048576K
}
Event: 74.244 GC heap before
{Heap before GC invocations=49 (full 0):
 garbage-first heap   total 242688K, used 196608K [0x0000000080000000, 0x0000000100000000)
  region size 1024K, 55 young (56320K), 5 survivors (5120K)
 Metaspace       used 112123K, committed 114304K, reserved 1179648K
  class space    used 14956K, committed 16064K, reserved 1048576K
}
Event: 74.259 GC heap after
{Heap after GC invocations=50 (full 0):
 garbage-first heap   total 242688K, used 147613K [0x0000000080000000, 0x0000000100000000)
  region size 1024K, 5 young (5120K), 5 survivors (5120K)
 Metaspace       used 112123K, committed 114304K, reserved 1179648K
  class space    used 14956K, committed 16064K, reserved 1048576K
}
Event: 75.756 GC heap before
{Heap before GC invocations=50 (full 0):
 garbage-first heap   total 242688K, used 219293K [0x0000000080000000, 0x0000000100000000)
  region size 1024K, 75 young (76800K), 5 survivors (5120K)
 Metaspace       used 112123K, committed 114304K, reserved 1179648K
  class space    used 14956K, committed 16064K, reserved 1048576K
}
Event: 75.771 GC heap after
{Heap after GC invocations=51 (full 0):
 garbage-first heap   total 242688K, used 147892K [0x0000000080000000, 0x0000000100000000)
  region size 1024K, 7 young (7168K), 7 survivors (7168K)
 Metaspace       used 112123K, committed 114304K, reserved 1179648K
  class space    used 14956K, committed 16064K, reserved 1048576K
}
Event: 78.245 GC heap before
{Heap before GC invocations=51 (full 0):
 garbage-first heap   total 242688K, used 221620K [0x0000000080000000, 0x0000000100000000)
  region size 1024K, 79 young (80896K), 7 survivors (7168K)
 Metaspace       used 112123K, committed 114304K, reserved 1179648K
  class space    used 14956K, committed 16064K, reserved 1048576K
}
Event: 78.263 GC heap after
{Heap after GC invocations=52 (full 0):
 garbage-first heap   total 242688K, used 149865K [0x0000000080000000, 0x0000000100000000)
  region size 1024K, 7 young (7168K), 7 survivors (7168K)
 Metaspace       used 112123K, committed 114304K, reserved 1179648K
  class space    used 14956K, committed 16064K, reserved 1048576K
}
Event: 80.650 GC heap before
{Heap before GC invocations=53 (full 0):
 garbage-first heap   total 250880K, used 222569K [0x0000000080000000, 0x0000000100000000)
  region size 1024K, 77 young (78848K), 7 survivors (7168K)
 Metaspace       used 118016K, committed 120256K, reserved 1179648K
  class space    used 15709K, committed 16832K, reserved 1048576K
}
Event: 80.665 GC heap after
{Heap after GC invocations=54 (full 0):
 garbage-first heap   total 250880K, used 153014K [0x0000000080000000, 0x0000000100000000)
  region size 1024K, 8 young (8192K), 8 survivors (8192K)
 Metaspace       used 118016K, committed 120256K, reserved 1179648K
  class space    used 15709K, committed 16832K, reserved 1048576K
}
Event: 83.006 GC heap before
{Heap before GC invocations=54 (full 0):
 garbage-first heap   total 250880K, used 228790K [0x0000000080000000, 0x0000000100000000)
  region size 1024K, 82 young (83968K), 8 survivors (8192K)
 Metaspace       used 125030K, committed 127296K, reserved 1179648K
  class space    used 16538K, committed 17664K, reserved 1048576K
}
Event: 83.031 GC heap after
{Heap after GC invocations=55 (full 0):
 garbage-first heap   total 250880K, used 157184K [0x0000000080000000, 0x0000000100000000)
  region size 1024K, 11 young (11264K), 11 survivors (11264K)
 Metaspace       used 125030K, committed 127296K, reserved 1179648K
  class space    used 16538K, committed 17664K, reserved 1048576K
}
Event: 84.072 GC heap before
{Heap before GC invocations=55 (full 0):
 garbage-first heap   total 250880K, used 224768K [0x0000000080000000, 0x0000000100000000)
  region size 1024K, 78 young (79872K), 11 survivors (11264K)
 Metaspace       used 126412K, committed 128704K, reserved 1179648K
  class space    used 16713K, committed 17856K, reserved 1048576K
}
Event: 84.097 GC heap after
{Heap after GC invocations=56 (full 0):
 garbage-first heap   total 250880K, used 161195K [0x0000000080000000, 0x0000000100000000)
  region size 1024K, 7 young (7168K), 7 survivors (7168K)
 Metaspace       used 126412K, committed 128704K, reserved 1179648K
  class space    used 16713K, committed 17856K, reserved 1048576K
}

